2026-06-26 00:31:51.981 +05:00 [INF] Executed DbCommand (5ms) [Parameters=[], CommandType='"Text"', CommandTimeout='30']
SELECT EXISTS (
    SELECT 1
    FROM "AttendanceRecords" AS "a")
2026-06-26 00:31:52.062 +05:00 [INF] Приложение AttendanceMonitoring запущено
2026-06-26 00:31:52.075 +05:00 [INF] User profile is available. Using 'C:\Users\romas\AppData\Local\ASP.NET\DataProtection-Keys' as key repository and Windows DPAPI to encrypt keys at rest.
2026-06-26 00:31:52.114 +05:00 [INF] Now listening on: http://localhost:5221
2026-06-26 00:31:52.116 +05:00 [INF] Application started. Press Ctrl+C to shut down.
2026-06-26 00:31:52.117 +05:00 [INF] Hosting environment: Development
2026-06-26 00:31:52.117 +05:00 [INF] Content root path: C:\Users\romas\AttendanceMonitoring\AttendanceMonitoring.Api
2026-06-26 00:35:05.503 +05:00 [INF] Application is shutting down...
2026-06-26 00:40:58.853 +05:00 [INF] Executed DbCommand (6ms) [Parameters=[], CommandType='"Text"', CommandTimeout='30']
SELECT EXISTS (
    SELECT 1
    FROM "AttendanceRecords" AS "a")
2026-06-26 00:40:58.937 +05:00 [INF] Приложение AttendanceMonitoring запущено
2026-06-26 00:40:58.949 +05:00 [INF] User profile is available. Using 'C:\Users\romas\AppData\Local\ASP.NET\DataProtection-Keys' as key repository and Windows DPAPI to encrypt keys at rest.
2026-06-26 00:40:58.989 +05:00 [INF] Now listening on: http://localhost:5221
2026-06-26 00:40:58.990 +05:00 [INF] Application started. Press Ctrl+C to shut down.
2026-06-26 00:40:58.991 +05:00 [INF] Hosting environment: Development
2026-06-26 00:40:58.992 +05:00 [INF] Content root path: C:\Users\romas\AttendanceMonitoring\AttendanceMonitoring.Api
2026-06-26 00:41:03.857 +05:00 [INF] Request starting HTTP/1.1 GET http://localhost:5221/swagger/index.html - null null
2026-06-26 00:41:03.921 +05:00 [INF] Request finished HTTP/1.1 GET http://localhost:5221/swagger/index.html - 200 null text/html;charset=utf-8 64.7217ms
2026-06-26 00:41:04.041 +05:00 [INF] Request starting HTTP/1.1 GET http://localhost:5221/swagger/v1/swagger.json - null null
2026-06-26 00:41:04.116 +05:00 [INF] Request finished HTTP/1.1 GET http://localhost:5221/swagger/v1/swagger.json - 200 null application/json;charset=utf-8 74.5899ms
2026-06-26 00:41:21.797 +05:00 [INF] Request starting HTTP/1.1 GET http://localhost:5221/api/analytics - null null
2026-06-26 00:41:21.819 +05:00 [INF] Executing endpoint 'AttendanceMonitoring.Api.Controllers.AnalyticsController.GetAnalytics (AttendanceMonitoring.Api)'
2026-06-26 00:41:21.834 +05:00 [INF] Route matched with {action = "GetAnalytics", controller = "Analytics"}. Executing controller action with signature System.Threading.Tasks.Task`1[Microsoft.AspNetCore.Mvc.IActionResult] GetAnalytics(System.Threading.CancellationToken) on controller AttendanceMonitoring.Api.Controllers.AnalyticsController (AttendanceMonitoring.Api).
2026-06-26 00:41:21.847 +05:00 [INF] Запрос аналитики посещаемости
2026-06-26 00:41:21.968 +05:00 [INF] Executed DbCommand (1ms) [Parameters=[], CommandType='"Text"', CommandTimeout='30']
SELECT "a"."Id", "a"."CreatedAt", "a"."Description", "a"."Severity", "a"."Source", "a"."Type", "a"."UserId", "u"."Id", "u"."IsActive", "u"."PasswordHash", "u"."RoleId", "u"."UserName"
FROM "AttendanceRecords" AS "a"
INNER JOIN "Users" AS "u" ON "a"."UserId" = "u"."Id"
ORDER BY "a"."CreatedAt" DESC
2026-06-26 00:41:22.027 +05:00 [INF] Executing OkObjectResult, writing value of type 'AttendanceMonitoring.Application.Attendance.DTOs.AttendanceAnalyticsDto'.
2026-06-26 00:41:22.045 +05:00 [INF] Executed action AttendanceMonitoring.Api.Controllers.AnalyticsController.GetAnalytics (AttendanceMonitoring.Api) in 207.0347ms
2026-06-26 00:41:22.047 +05:00 [INF] Executed endpoint 'AttendanceMonitoring.Api.Controllers.AnalyticsController.GetAnalytics (AttendanceMonitoring.Api)'
2026-06-26 00:41:22.050 +05:00 [INF] Request finished HTTP/1.1 GET http://localhost:5221/api/analytics - 200 null application/json; charset=utf-8 253.2765ms
2026-06-26 00:41:42.476 +05:00 [INF] Request starting HTTP/1.1 GET http://localhost:5221/api/analytics/export - null null
2026-06-26 00:41:42.480 +05:00 [INF] Executing endpoint 'AttendanceMonitoring.Api.Controllers.AnalyticsController.ExportCsv (AttendanceMonitoring.Api)'
2026-06-26 00:41:42.484 +05:00 [INF] Route matched with {action = "ExportCsv", controller = "Analytics"}. Executing controller action with signature System.Threading.Tasks.Task`1[Microsoft.AspNetCore.Mvc.IActionResult] ExportCsv(System.Threading.CancellationToken) on controller AttendanceMonitoring.Api.Controllers.AnalyticsController (AttendanceMonitoring.Api).
2026-06-26 00:41:42.488 +05:00 [INF] Экспорт CSV-отчёта
2026-06-26 00:41:42.501 +05:00 [INF] Executed DbCommand (1ms) [Parameters=[], CommandType='"Text"', CommandTimeout='30']
SELECT "a"."Id", "a"."CreatedAt", "a"."Description", "a"."Severity", "a"."Source", "a"."Type", "a"."UserId", "u"."Id", "u"."IsActive", "u"."PasswordHash", "u"."RoleId", "u"."UserName"
FROM "AttendanceRecords" AS "a"
INNER JOIN "Users" AS "u" ON "a"."UserId" = "u"."Id"
ORDER BY "a"."CreatedAt" DESC
2026-06-26 00:41:42.506 +05:00 [INF] Executing FileContentResult, sending file with download name 'attendance_20260626.csv' ...
2026-06-26 00:41:42.512 +05:00 [INF] Executed action AttendanceMonitoring.Api.Controllers.AnalyticsController.ExportCsv (AttendanceMonitoring.Api) in 26.9156ms
2026-06-26 00:41:42.514 +05:00 [INF] Executed endpoint 'AttendanceMonitoring.Api.Controllers.AnalyticsController.ExportCsv (AttendanceMonitoring.Api)'
2026-06-26 00:41:42.515 +05:00 [INF] Request finished HTTP/1.1 GET http://localhost:5221/api/analytics/export - 200 5099 text/csv 39.0921ms
2026-06-26 00:45:03.236 +05:00 [INF] Application is shutting down...
2026-06-26 00:59:50.528 +05:00 [INF] Executed DbCommand (9ms) [Parameters=[], CommandType='"Text"', CommandTimeout='30']
SELECT EXISTS (
    SELECT 1
    FROM "AttendanceRecords" AS "a")
2026-06-26 00:59:50.665 +05:00 [INF] Приложение AttendanceMonitoring запущено
2026-06-26 00:59:50.685 +05:00 [INF] User profile is available. Using 'C:\Users\romas\AppData\Local\ASP.NET\DataProtection-Keys' as key repository and Windows DPAPI to encrypt keys at rest.
2026-06-26 00:59:50.746 +05:00 [INF] Now listening on: http://localhost:5221
2026-06-26 00:59:50.748 +05:00 [INF] Application started. Press Ctrl+C to shut down.
2026-06-26 00:59:50.750 +05:00 [INF] Hosting environment: Development
2026-06-26 00:59:50.751 +05:00 [INF] Content root path: C:\Users\romas\AttendanceMonitoring\AttendanceMonitoring.Api
2026-06-26 00:59:55.968 +05:00 [INF] Request starting HTTP/1.1 GET http://localhost:5221/swagger/index.html - null null
2026-06-26 00:59:56.055 +05:00 [INF] Request finished HTTP/1.1 GET http://localhost:5221/swagger/index.html - 200 null text/html;charset=utf-8 86.609ms
2026-06-26 00:59:56.198 +05:00 [INF] Request starting HTTP/1.1 GET http://localhost:5221/swagger/v1/swagger.json - null null
2026-06-26 00:59:56.272 +05:00 [INF] Request finished HTTP/1.1 GET http://localhost:5221/swagger/v1/swagger.json - 200 null application/json;charset=utf-8 74.2866ms
2026-06-26 01:00:34.681 +05:00 [INF] Request starting HTTP/1.1 GET http://localhost:5221/api/attendance - null null
2026-06-26 01:00:34.704 +05:00 [INF] Executing endpoint 'AttendanceMonitoring.Api.Controllers.AttendanceController.GetAll (AttendanceMonitoring.Api)'
2026-06-26 01:00:34.724 +05:00 [INF] Route matched with {action = "GetAll", controller = "Attendance"}. Executing controller action with signature System.Threading.Tasks.Task`1[Microsoft.AspNetCore.Mvc.IActionResult] GetAll(System.String, System.Nullable`1[System.DateTime], System.Nullable`1[System.DateTime], System.Nullable`1[System.Int32], System.Threading.CancellationToken) on controller AttendanceMonitoring.Api.Controllers.AttendanceController (AttendanceMonitoring.Api).
2026-06-26 01:00:34.743 +05:00 [INF] Запрос списка записей. Фильтр: тип=null, с=null, по=null
2026-06-26 01:00:34.890 +05:00 [INF] Executed DbCommand (1ms) [Parameters=[], CommandType='"Text"', CommandTimeout='30']
SELECT "a"."Id", "a"."CreatedAt", "a"."Description", "a"."Severity", "a"."Source", "a"."Type", "a"."UserId", "u"."Id", "u"."IsActive", "u"."PasswordHash", "u"."RoleId", "u"."UserName"
FROM "AttendanceRecords" AS "a"
INNER JOIN "Users" AS "u" ON "a"."UserId" = "u"."Id"
ORDER BY "a"."CreatedAt" DESC
2026-06-26 01:00:34.958 +05:00 [INF] Возвращено записей: 50
2026-06-26 01:00:34.962 +05:00 [INF] Executing OkObjectResult, writing value of type 'System.Collections.Generic.List`1[[AttendanceMonitoring.Application.Attendance.DTOs.AttendanceRecordDto, AttendanceMonitoring.Application, Version=1.0.0.0, Culture=neutral, PublicKeyToken=null]]'.
2026-06-26 01:00:34.985 +05:00 [INF] Executed action AttendanceMonitoring.Api.Controllers.AttendanceController.GetAll (AttendanceMonitoring.Api) in 257.3745ms
2026-06-26 01:00:34.987 +05:00 [INF] Executed endpoint 'AttendanceMonitoring.Api.Controllers.AttendanceController.GetAll (AttendanceMonitoring.Api)'
2026-06-26 01:00:34.992 +05:00 [INF] Request finished HTTP/1.1 GET http://localhost:5221/api/attendance - 200 null application/json; charset=utf-8 311.2863ms
2026-06-26 01:00:44.158 +05:00 [INF] Request starting HTTP/1.1 GET http://localhost:5221/api/analytics - null null
2026-06-26 01:00:44.162 +05:00 [INF] Executing endpoint 'AttendanceMonitoring.Api.Controllers.AnalyticsController.GetAnalytics (AttendanceMonitoring.Api)'
2026-06-26 01:00:44.168 +05:00 [INF] Route matched with {action = "GetAnalytics", controller = "Analytics"}. Executing controller action with signature System.Threading.Tasks.Task`1[Microsoft.AspNetCore.Mvc.IActionResult] GetAnalytics(System.Threading.CancellationToken) on controller AttendanceMonitoring.Api.Controllers.AnalyticsController (AttendanceMonitoring.Api).
2026-06-26 01:00:44.174 +05:00 [INF] Запрос аналитики посещаемости
2026-06-26 01:00:44.189 +05:00 [INF] Executed DbCommand (0ms) [Parameters=[], CommandType='"Text"', CommandTimeout='30']
SELECT "a"."Id", "a"."CreatedAt", "a"."Description", "a"."Severity", "a"."Source", "a"."Type", "a"."UserId", "u"."Id", "u"."IsActive", "u"."PasswordHash", "u"."RoleId", "u"."UserName"
FROM "AttendanceRecords" AS "a"
INNER JOIN "Users" AS "u" ON "a"."UserId" = "u"."Id"
ORDER BY "a"."CreatedAt" DESC
2026-06-26 01:00:44.202 +05:00 [INF] Executing OkObjectResult, writing value of type 'AttendanceMonitoring.Application.Attendance.DTOs.AttendanceAnalyticsDto'.
2026-06-26 01:00:44.211 +05:00 [INF] Executed action AttendanceMonitoring.Api.Controllers.AnalyticsController.GetAnalytics (AttendanceMonitoring.Api) in 41.0173ms
2026-06-26 01:00:44.212 +05:00 [INF] Executed endpoint 'AttendanceMonitoring.Api.Controllers.AnalyticsController.GetAnalytics (AttendanceMonitoring.Api)'
2026-06-26 01:00:44.214 +05:00 [INF] Request finished HTTP/1.1 GET http://localhost:5221/api/analytics - 200 null application/json; charset=utf-8 55.6344ms
2026-06-26 01:00:57.352 +05:00 [INF] Application is shutting down...
2026-06-26 10:38:18.709 +05:00 [INF] Executed DbCommand (5ms) [Parameters=[], CommandType='"Text"', CommandTimeout='30']
SELECT EXISTS (
    SELECT 1
    FROM "AttendanceRecords" AS "a")
2026-06-26 10:38:18.814 +05:00 [INF] Приложение AttendanceMonitoring запущено
2026-06-26 10:38:18.830 +05:00 [INF] User profile is available. Using 'C:\Users\romas\AppData\Local\ASP.NET\DataProtection-Keys' as key repository and Windows DPAPI to encrypt keys at rest.
2026-06-26 10:38:18.910 +05:00 [INF] Now listening on: http://localhost:5221
2026-06-26 10:38:18.912 +05:00 [INF] Application started. Press Ctrl+C to shut down.
2026-06-26 10:38:18.912 +05:00 [INF] Hosting environment: Development
2026-06-26 10:38:18.913 +05:00 [INF] Content root path: C:\Users\romas\AttendanceMonitoring\AttendanceMonitoring.Api
2026-06-26 10:38:28.165 +05:00 [INF] Request starting HTTP/1.1 GET http://localhost:5221/swagger/index.html - null null
2026-06-26 10:38:28.247 +05:00 [INF] Request finished HTTP/1.1 GET http://localhost:5221/swagger/index.html - 200 null text/html;charset=utf-8 83.2436ms
2026-06-26 10:38:28.369 +05:00 [INF] Request starting HTTP/1.1 GET http://localhost:5221/swagger/v1/swagger.json - null null
2026-06-26 10:38:28.453 +05:00 [INF] Request finished HTTP/1.1 GET http://localhost:5221/swagger/v1/swagger.json - 200 null application/json;charset=utf-8 84.1372ms
2026-06-26 10:38:51.428 +05:00 [INF] Request starting HTTP/1.1 POST http://localhost:5221/api/auth/login - application/json 50
2026-06-26 10:38:51.460 +05:00 [INF] Executing endpoint 'AttendanceMonitoring.Api.Controllers.AuthController.Login (AttendanceMonitoring.Api)'
2026-06-26 10:38:51.481 +05:00 [INF] Route matched with {action = "Login", controller = "Auth"}. Executing controller action with signature System.Threading.Tasks.Task`1[Microsoft.AspNetCore.Mvc.IActionResult] Login(AttendanceMonitoring.Application.Attendance.DTOs.LoginRequest, System.Threading.CancellationToken) on controller AttendanceMonitoring.Api.Controllers.AuthController (AttendanceMonitoring.Api).
2026-06-26 10:38:51.514 +05:00 [INF] Попытка входа пользователя: string
2026-06-26 10:38:51.633 +05:00 [INF] Executed DbCommand (4ms) [Parameters=[@__userName_0='?' (Size = 6)], CommandType='"Text"', CommandTimeout='30']
SELECT "u"."Id", "u"."IsActive", "u"."PasswordHash", "u"."RoleId", "u"."UserName", "r"."Id", "r"."Name"
FROM "Users" AS "u"
INNER JOIN "Roles" AS "r" ON "u"."RoleId" = "r"."Id"
WHERE "u"."UserName" = @__userName_0
LIMIT 1
2026-06-26 10:38:51.638 +05:00 [WRN] Неудачная попытка входа: string
2026-06-26 10:38:51.642 +05:00 [INF] Executing UnauthorizedObjectResult, writing value of type 'System.String'.
2026-06-26 10:38:51.646 +05:00 [INF] Executed action AttendanceMonitoring.Api.Controllers.AuthController.Login (AttendanceMonitoring.Api) in 161.4425ms
2026-06-26 10:38:51.647 +05:00 [INF] Executed endpoint 'AttendanceMonitoring.Api.Controllers.AuthController.Login (AttendanceMonitoring.Api)'
2026-06-26 10:38:51.651 +05:00 [INF] Request finished HTTP/1.1 POST http://localhost:5221/api/auth/login - 401 null text/plain; charset=utf-8 222.0324ms
2026-06-26 10:39:32.859 +05:00 [INF] Request starting HTTP/1.1 POST http://localhost:5221/api/auth/login - application/json 55
2026-06-26 10:39:32.862 +05:00 [INF] Executing endpoint 'AttendanceMonitoring.Api.Controllers.AuthController.Login (AttendanceMonitoring.Api)'
2026-06-26 10:39:32.863 +05:00 [INF] Route matched with {action = "Login", controller = "Auth"}. Executing controller action with signature System.Threading.Tasks.Task`1[Microsoft.AspNetCore.Mvc.IActionResult] Login(AttendanceMonitoring.Application.Attendance.DTOs.LoginRequest, System.Threading.CancellationToken) on controller AttendanceMonitoring.Api.Controllers.AuthController (AttendanceMonitoring.Api).
2026-06-26 10:39:32.866 +05:00 [INF] Попытка входа пользователя: analyst
2026-06-26 10:39:32.877 +05:00 [INF] Executed DbCommand (0ms) [Parameters=[@__userName_0='?' (Size = 7)], CommandType='"Text"', CommandTimeout='30']
SELECT "u"."Id", "u"."IsActive", "u"."PasswordHash", "u"."RoleId", "u"."UserName", "r"."Id", "r"."Name"
FROM "Users" AS "u"
INNER JOIN "Roles" AS "r" ON "u"."RoleId" = "r"."Id"
WHERE "u"."UserName" = @__userName_0
LIMIT 1
2026-06-26 10:39:32.942 +05:00 [INF] Успешный вход: analyst, роль: Analyst
2026-06-26 10:39:32.944 +05:00 [INF] Executing OkObjectResult, writing value of type 'AttendanceMonitoring.Application.Attendance.DTOs.LoginResponse'.
2026-06-26 10:39:32.949 +05:00 [INF] Executed action AttendanceMonitoring.Api.Controllers.AuthController.Login (AttendanceMonitoring.Api) in 85.2033ms
2026-06-26 10:39:32.950 +05:00 [INF] Executed endpoint 'AttendanceMonitoring.Api.Controllers.AuthController.Login (AttendanceMonitoring.Api)'
2026-06-26 10:39:32.951 +05:00 [INF] Request finished HTTP/1.1 POST http://localhost:5221/api/auth/login - 200 null application/json; charset=utf-8 92.9904ms
2026-06-26 10:52:04.348 +05:00 [INF] Request starting HTTP/1.1 GET http://localhost:5221/api/analytics - null null
2026-06-26 10:52:04.359 +05:00 [INF] Executing endpoint 'AttendanceMonitoring.Api.Controllers.AnalyticsController.GetAnalytics (AttendanceMonitoring.Api)'
2026-06-26 10:52:04.363 +05:00 [INF] Route matched with {action = "GetAnalytics", controller = "Analytics"}. Executing controller action with signature System.Threading.Tasks.Task`1[Microsoft.AspNetCore.Mvc.IActionResult] GetAnalytics(System.Threading.CancellationToken) on controller AttendanceMonitoring.Api.Controllers.AnalyticsController (AttendanceMonitoring.Api).
2026-06-26 10:52:04.366 +05:00 [INF] Запрос аналитики посещаемости
2026-06-26 10:52:04.387 +05:00 [INF] Executed DbCommand (2ms) [Parameters=[], CommandType='"Text"', CommandTimeout='30']
SELECT "a"."Id", "a"."CreatedAt", "a"."Description", "a"."Severity", "a"."Source", "a"."Type", "a"."UserId", "u"."Id", "u"."IsActive", "u"."PasswordHash", "u"."RoleId", "u"."UserName"
FROM "AttendanceRecords" AS "a"
INNER JOIN "Users" AS "u" ON "a"."UserId" = "u"."Id"
ORDER BY "a"."CreatedAt" DESC
2026-06-26 10:52:04.410 +05:00 [INF] Executing OkObjectResult, writing value of type 'AttendanceMonitoring.Application.Attendance.DTOs.AttendanceAnalyticsDto'.
2026-06-26 10:52:04.418 +05:00 [INF] Executed action AttendanceMonitoring.Api.Controllers.AnalyticsController.GetAnalytics (AttendanceMonitoring.Api) in 53.8442ms
2026-06-26 10:52:04.419 +05:00 [INF] Executed endpoint 'AttendanceMonitoring.Api.Controllers.AnalyticsController.GetAnalytics (AttendanceMonitoring.Api)'
2026-06-26 10:52:04.420 +05:00 [INF] Request finished HTTP/1.1 GET http://localhost:5221/api/analytics - 200 null application/json; charset=utf-8 71.7061ms
2026-06-26 10:52:52.600 +05:00 [INF] Request starting HTTP/1.1 GET http://localhost:5221/api/analytics/export - null null
2026-06-26 10:52:52.602 +05:00 [INF] Executing endpoint 'AttendanceMonitoring.Api.Controllers.AnalyticsController.ExportCsv (AttendanceMonitoring.Api)'
2026-06-26 10:52:52.605 +05:00 [INF] Route matched with {action = "ExportCsv", controller = "Analytics"}. Executing controller action with signature System.Threading.Tasks.Task`1[Microsoft.AspNetCore.Mvc.IActionResult] ExportCsv(System.Threading.CancellationToken) on controller AttendanceMonitoring.Api.Controllers.AnalyticsController (AttendanceMonitoring.Api).
2026-06-26 10:52:52.608 +05:00 [INF] Экспорт CSV-отчёта
2026-06-26 10:52:52.610 +05:00 [INF] Executed DbCommand (0ms) [Parameters=[], CommandType='"Text"', CommandTimeout='30']
SELECT "a"."Id", "a"."CreatedAt", "a"."Description", "a"."Severity", "a"."Source", "a"."Type", "a"."UserId", "u"."Id", "u"."IsActive", "u"."PasswordHash", "u"."RoleId", "u"."UserName"
FROM "AttendanceRecords" AS "a"
INNER JOIN "Users" AS "u" ON "a"."UserId" = "u"."Id"
ORDER BY "a"."CreatedAt" DESC
2026-06-26 10:52:52.615 +05:00 [INF] Executing FileContentResult, sending file with download name 'attendance_20260626.csv' ...
2026-06-26 10:52:52.623 +05:00 [INF] Executed action AttendanceMonitoring.Api.Controllers.AnalyticsController.ExportCsv (AttendanceMonitoring.Api) in 16.3042ms
2026-06-26 10:52:52.624 +05:00 [INF] Executed endpoint 'AttendanceMonitoring.Api.Controllers.AnalyticsController.ExportCsv (AttendanceMonitoring.Api)'
2026-06-26 10:52:52.625 +05:00 [INF] Request finished HTTP/1.1 GET http://localhost:5221/api/analytics/export - 200 5099 text/csv 24.843ms
2026-06-26 10:59:35.432 +05:00 [INF] Application is shutting down...
